<?xml version="1.0" encoding="UTF-8"?>
<!-- Generated by org.testng.reporters.JUnitReportReporter -->
<testsuite hostname="DESKTOP-A0FS3MO" failures="0" tests="2" name="SessionOne.Assertion" time="11.380" errors="0" timestamp="2024-03-01T16:50:48 EET" skipped="0">
  <testcase classname="SessionOne.Assertion" name="hardAssertValidLoginTestCase" time="3.768"/>
  <testcase classname="SessionOne.Assertion" name="inValidLoginTestCaseUsingInvalidUsername" time="7.612"/>
</testsuite> <!-- SessionOne.Assertion -->
